{"numFailedTestSuites":0,"numFailedTests":0,"numPassedTestSuites":1,"numPassedTests":2,"numPendingTestSuites":0,"numPendingTests":0,"numRuntimeErrorTestSuites":0,"numTodoTests":0,"numTotalTestSuites":1,"numTotalTests":2,"openHandles":[],"snapshot":{"added":0,"didUpdate":false,"failure":false,"filesAdded":0,"filesRemoved":0,"filesRemovedList":[],"filesUnmatched":0,"filesUpdated":0,"matched":0,"total":0,"unchecked":0,"uncheckedKeysByFile":[],"unmatched":0,"updated":0},"startTime":1749669686399,"success":true,"testResults":[{"assertionResults":[{"ancestorTitles":["Free Trial Integration Flow","Scenario: New user starts a free trial"],"duration":270,"failureDetails":[],"failureMessages":[],"fullName":"Free Trial Integration Flow Scenario: New user starts a free trial should grant access when a new user successfully starts a free trial","invocations":1,"location":null,"numPassingAsserts":5,"retryReasons":[],"status":"passed","title":"should grant access when a new user successfully starts a free trial"},{"ancestorTitles":["Free Trial Integration Flow","Scenario: User cancels trial, and it expires"],"duration":25,"failureDetails":[],"failureMessages":[],"fullName":"Free Trial Integration Flow Scenario: User cancels trial, and it expires should revoke access after a cancelled trial expires","invocations":1,"location":null,"numPassingAsserts":5,"retryReasons":[],"status":"passed","title":"should revoke access after a cancelled trial expires"}],"endTime":1749669690309,"message":"","name":"/app/tests/integration/FreeTrial.integration.test.tsx","startTime":1749669686712,"status":"passed","summary":""}],"wasInterrupted":false}
